<?xml version="1.0" encoding="UTF-8"?>
<!-- Generated by org.testng.reporters.JUnitReportReporter -->
<testsuite hostname="DESKTOP-MESIN5L" failures="0" tests="2" name="framework.Errorvalidation" time="75.631" errors="0" timestamp="2022-11-09T21:27:46 PST" skipped="0">
  <testcase classname="framework.Errorvalidation" name="submitOrder" time="9.182"/>
  <system-out/>
  <testcase classname="framework.Errorvalidation" name="Errorproduct" time="66.449"/>
  <system-out/>
</testsuite> <!-- framework.Errorvalidation -->
