<?xml version="1.0" encoding="UTF-8"?>
<!-- Generated by org.testng.reporters.JUnitReportReporter -->
<testsuite hostname="DESKTOP-MESIN5L" failures="0" tests="1" name="framework.Addtocart" time="21.191" errors="0" timestamp="2022-11-09T20:37:42 PST" skipped="0">
  <testcase classname="framework.Addtocart" name="submitOrder" time="21.191"/>
  <system-out/>
</testsuite> <!-- framework.Addtocart -->
