<?xml version="1.0" encoding="UTF-8"?>
<!-- Generated by org.testng.reporters.JUnitReportReporter -->
<testsuite hostname="DESKTOP-MESIN5L" failures="0" tests="1" name="cucumber.TestNGTestRunner" time="16.355" errors="0" timestamp="2022-11-14T01:39:53 PST" skipped="0">
  <testcase classname="cucumber.TestNGTestRunner" name="runScenario" time="16.355"/>
  <system-out/>
</testsuite> <!-- cucumber.TestNGTestRunner -->
