<?xml version="1.0" encoding="UTF-8"?>
<!-- Generated by org.testng.reporters.JUnitReportReporter -->
<testsuite hostname="DESKTOP-MESIN5L" failures="0" tests="1" name="cucumber.TestNGTestRunner" time="46.583" errors="0" timestamp="14 Nov 2022 09:57:40 GMT" skipped="0">
  <testcase classname="cucumber.TestNGTestRunner" name="runScenario" time="46.583"/>
</testsuite> <!-- cucumber.TestNGTestRunner -->
