<?xml version="1.0" encoding="UTF-8"?>
<!-- Generated by org.testng.reporters.JUnitReportReporter -->
<testsuite hostname="DESKTOP-MESIN5L" failures="0" tests="3" name="Tests.SubmitOrderTest" time="198.836" errors="0" timestamp="13 Nov 2022 13:21:58 GMT" skipped="0">
  <testcase classname="Tests.SubmitOrderTest" name="submitOrder" time="121.949"/>
  <testcase classname="Tests.SubmitOrderTest" name="submitOrder" time="36.389"/>
  <testcase classname="Tests.SubmitOrderTest" name="OderHistory" time="40.498"/>
</testsuite> <!-- Tests.SubmitOrderTest -->
